{
  "stats": {
    "suites": 1,
    "tests": 1,
    "passes": 1,
    "pending": 0,
    "failures": 0,
    "start": "2024-07-03T14:57:46.797Z",
    "end": "2024-07-03T14:58:11.981Z",
    "duration": 25184,
    "testsRegistered": 1,
    "passPercent": 100,
    "pendingPercent": 0,
    "other": 0,
    "hasOther": false,
    "skipped": 0,
    "hasSkipped": false
  },
  "results": [
    {
      "uuid": "ee4a751a-34a5-4aef-8518-a574474cdec8",
      "title": "",
      "fullFile": "cypress\\integration\\examples\\practice1.js",
      "file": "cypress\\integration\\examples\\practice1.js",
      "beforeHooks": [],
      "afterHooks": [],
      "tests": [],
      "suites": [
        {
          "uuid": "7be84eb6-44d1-442e-81c3-e854c485ade4",
          "title": "My first sample test",
          "fullFile": "",
          "file": "",
          "beforeHooks": [],
          "afterHooks": [],
          "tests": [
            {
              "title": "first testcase",
              "fullTitle": "My first sample test first testcase",
              "timedOut": null,
              "duration": 22104,
              "state": "passed",
              "speed": "slow",
              "pass": true,
              "fail": false,
              "pending": false,
              "context": null,
              "code": "cy.visit('https://www.amazon.in/ref=nav_logo');\ncy.get('div .nav-fill > div > form').type(\"hp elitebook g5\");\ncy.wait(2000);\ncy.get('.left-pane-results-container').find('div[role=\"button\"]').each(($e1, index, $list) => {\n  let prodsuggession = $e1.attr('aria-label');\n  if (prodsuggession === 'hp elitebook g5 i5 8th generation') {\n    cy.wrap($e1).click();\n  }\n});\ncy.get('span[data-component-type=\"s-search-results\"]').find('div[data-asin]').each(($e1, index, $list) => {\n  //    const asin= $e1.attr('data-asin')\n  //    console.log(asin);\n  if ($e1.attr('data-asin') === 'B0BW5VCVPF') {\n    cy.log(\"asin found \" + $e1.attr('data-asin'));\n    cy.wrap($e1).find('a[class=\"a-link-normal s-underline-text s-underline-link-text s-link-style a-text-normal\"]').invoke('removeAttr', 'target').click();\n  }\n});",
              "err": {},
              "uuid": "e6c15232-cfea-4c86-8278-1a676e5a2517",
              "parentUUID": "7be84eb6-44d1-442e-81c3-e854c485ade4",
              "isHook": false,
              "skipped": false
            }
          ],
          "suites": [],
          "passes": [
            "e6c15232-cfea-4c86-8278-1a676e5a2517"
          ],
          "failures": [],
          "pending": [],
          "skipped": [],
          "duration": 22104,
          "root": false,
          "rootEmpty": false,
          "_timeout": 2000
        }
      ],
      "passes": [],
      "failures": [],
      "pending": [],
      "skipped": [],
      "duration": 0,
      "root": true,
      "rootEmpty": true,
      "_timeout": 2000
    }
  ],
  "meta": {
    "mocha": {
      "version": "7.0.1"
    },
    "mochawesome": {
      "options": {
        "quiet": false,
        "reportFilename": "mochawesome",
        "saveHtml": true,
        "saveJson": true,
        "consoleReporter": "spec",
        "useInlineDiffs": false,
        "code": true
      },
      "version": "7.1.3"
    },
    "marge": {
      "options": null,
      "version": "6.2.0"
    }
  }
}