{
  "stats": {
    "suites": 1,
    "tests": 1,
    "passes": 1,
    "pending": 0,
    "failures": 0,
    "start": "2024-07-03T16:48:33.606Z",
    "end": "2024-07-03T16:49:04.696Z",
    "duration": 31090,
    "testsRegistered": 1,
    "passPercent": 100,
    "pendingPercent": 0,
    "other": 0,
    "hasOther": false,
    "skipped": 0,
    "hasSkipped": false
  },
  "results": [
    {
      "uuid": "30309890-5ca4-4a94-868b-06c6a38a40f7",
      "title": "",
      "fullFile": "cypress\\integration\\examples\\samplespec.js",
      "file": "cypress\\integration\\examples\\samplespec.js",
      "beforeHooks": [],
      "afterHooks": [],
      "tests": [],
      "suites": [
        {
          "uuid": "af568522-fd5c-4082-be3a-727d7d7b8d5d",
          "title": "Navigate to google and search amazon and click on iphone 15 pro max",
          "fullFile": "",
          "file": "",
          "beforeHooks": [],
          "afterHooks": [],
          "tests": [
            {
              "title": "Search and select iphone 15 pro max from amazon website",
              "fullTitle": "Navigate to google and search amazon and click on iphone 15 pro max Search and select iphone 15 pro max from amazon website",
              "timedOut": null,
              "duration": 25315,
              "state": "passed",
              "speed": "slow",
              "pass": true,
              "fail": false,
              "pending": false,
              "context": null,
              "code": "cy.Google_search_and_select_from_search_result('Amazon', 'Amazon.in');\ncy.origin('https://www.amazon.in/', () => {\n  cy.on('uncaught:exception', (err, runnable) => {\n    // Return false to prevent the error from failing the test\n    return false;\n  });\n  cy.get('#twotabsearchtextbox').type('iphone 15 pro max{enter}');\n});",
              "err": {},
              "uuid": "76c9a611-1e57-474e-8e5f-0577a766d83c",
              "parentUUID": "af568522-fd5c-4082-be3a-727d7d7b8d5d",
              "isHook": false,
              "skipped": false
            }
          ],
          "suites": [],
          "passes": [
            "76c9a611-1e57-474e-8e5f-0577a766d83c"
          ],
          "failures": [],
          "pending": [],
          "skipped": [],
          "duration": 25315,
          "root": false,
          "rootEmpty": false,
          "_timeout": 2000
        }
      ],
      "passes": [],
      "failures": [],
      "pending": [],
      "skipped": [],
      "duration": 0,
      "root": true,
      "rootEmpty": true,
      "_timeout": 2000
    }
  ],
  "meta": {
    "mocha": {
      "version": "7.0.1"
    },
    "mochawesome": {
      "options": {
        "quiet": false,
        "reportFilename": "mochawesome",
        "saveHtml": true,
        "saveJson": true,
        "consoleReporter": "spec",
        "useInlineDiffs": false,
        "code": true
      },
      "version": "7.1.3"
    },
    "marge": {
      "options": null,
      "version": "6.2.0"
    }
  }
}